Using pre-set license
Built from '2021.1/staging' branch; Version is '2021.1.17f1 (03b40fe07a36) revision 242703'; Using compiler version '192528614'; Build Type 'Release'
OS: 'Windows 10 Home; OS build 19042.1348; Version 2009; 64bit' Language: 'en' Physical Memory: 16240 MB
BatchMode: 1, IsHumanControllingUs: 0, StartBugReporterOnCrash: 0, Is64bit: 1, IsPro: 0

 COMMAND LINE ARGUMENTS:
C:\Program Files\Unity\Hub\Editor\2021.1.17f1\Editor\Unity.exe
-adb2
-batchMode
-noUpm
-name
AssetImportWorker0
-projectPath
E:/ExampleProjects/PlatformerExample/ExamplePlatformer2
-logFile
Logs/AssetImportWorker0.log
-srvPort
62657
Successfully changed project path to: E:/ExampleProjects/PlatformerExample/ExamplePlatformer2
E:/ExampleProjects/PlatformerExample/ExamplePlatformer2
Using Asset Import Pipeline V2.
Refreshing native plugins compatible for Editor in 107.20 ms, found 4 plugins.
Preloading 0 native plugins for Editor in 0.00 ms.
Initialize engine version: 2021.1.17f1 (03b40fe07a36)
[Subsystems] Discovering subsystems at path C:/Program Files/Unity/Hub/Editor/2021.1.17f1/Editor/Data/Resources/UnitySubsystems
[Subsystems] Discovering subsystems at path E:/ExampleProjects/PlatformerExample/ExamplePlatformer2/Assets
GfxDevice: creating device client; threaded=0; jobified=0
Direct3D:
    Version:  Direct3D 11.0 [level 11.1]
    Renderer: NVIDIA GeForce RTX 2070 (ID=0x1f10)
    Vendor:   NVIDIA
    VRAM:     8031 MB
    Driver:   27.21.14.6089
Initialize mono
Mono path[0] = 'C:/Program Files/Unity/Hub/Editor/2021.1.17f1/Editor/Data/Managed'
Mono path[1] = 'C:/Program Files/Unity/Hub/Editor/2021.1.17f1/Editor/Data/MonoBleedingEdge/lib/mono/unityjit'
Mono config path = 'C:/Program Files/Unity/Hub/Editor/2021.1.17f1/Editor/Data/MonoBleedingEdge/etc'
Using monoOptions --debugger-agent=transport=dt_socket,embedding=1,server=y,suspend=n,address=127.0.0.1:56664
Begin MonoManager ReloadAssembly
Registering precompiled unity dll's ...
Register platform support module: C:/Program Files/Unity/Hub/Editor/2021.1.17f1/Editor/Data/PlaybackEngines/WindowsStandaloneSupport/UnityEditor.WindowsStandalone.Extensions.dll
Registered in 0.003436 seconds.
Native extension for WindowsStandalone target not found
Refreshing native plugins compatible for Editor in 106.63 ms, found 4 plugins.
Preloading 0 native plugins for Editor in 0.00 ms.
Mono: successfully reloaded assembly
- Completed reload, in  2.404 seconds
Domain Reload Profiling:
	ReloadAssembly (2405ms)
		BeginReloadAssembly (73ms)
			ExecutionOrderSort (0ms)
			DisableScriptedObjects (0ms)
			BackupInstance (0ms)
			ReleaseScriptingObjects (0ms)
			CreateAndSetChildDomain (1ms)
		EndReloadAssembly (512ms)
			LoadAssemblies (68ms)
			RebuildTransferFunctionScriptingTraits (0ms)
			SetupTypeCache (166ms)
			ReleaseScriptCaches (0ms)
			RebuildScriptCaches (37ms)
			SetupLoadedEditorAssemblies (256ms)
				LogAssemblyErrors (0ms)
				InitializePlatformSupportModulesInManaged (8ms)
				SetLoadedEditorAssemblies (0ms)
				RefreshPlugins (109ms)
				BeforeProcessingInitializeOnLoad (2ms)
				ProcessInitializeOnLoadAttributes (104ms)
				ProcessInitializeOnLoadMethodAttributes (32ms)
				AfterProcessingInitializeOnLoad (0ms)
				EditorAssembliesLoaded (0ms)
			ExecutionOrderSort2 (0ms)
			AwakeInstancesAfterBackupRestoration (0ms)
Platform modules already initialized, skipping
Registering precompiled user dll's ...
Registered in 0.007245 seconds.
Begin MonoManager ReloadAssembly
Symbol file LoadedFromMemory doesn't match image E:\ExampleProjects\PlatformerExample\ExamplePlatformer2\Library\PackageCache\com.unity.visualscripting@1.6.1\Editor\VisualScripting.Core\Dependencies\YamlDotNet\Unity.VisualScripting.YamlDotNet.dll
Symbol file LoadedFromMemory doesn't match image E:\ExampleProjects\PlatformerExample\ExamplePlatformer2\Library\PackageCache\com.unity.visualscripting@1.6.1\Editor\VisualScripting.Core\Dependencies\DotNetZip\Unity.VisualScripting.IonicZip.dll
Native extension for WindowsStandalone target not found
Refreshing native plugins compatible for Editor in 108.80 ms, found 4 plugins.
Preloading 0 native plugins for Editor in 0.00 ms.
Mono: successfully reloaded assembly
- Completed reload, in  1.480 seconds
Domain Reload Profiling:
	ReloadAssembly (1482ms)
		BeginReloadAssembly (165ms)
			ExecutionOrderSort (0ms)
			DisableScriptedObjects (5ms)
			BackupInstance (0ms)
			ReleaseScriptingObjects (0ms)
			CreateAndSetChildDomain (21ms)
		EndReloadAssembly (1252ms)
			LoadAssemblies (119ms)
			RebuildTransferFunctionScriptingTraits (0ms)
			SetupTypeCache (364ms)
			ReleaseScriptCaches (1ms)
			RebuildScriptCaches (66ms)
			SetupLoadedEditorAssemblies (606ms)
				LogAssemblyErrors (0ms)
				InitializePlatformSupportModulesInManaged (5ms)
				SetLoadedEditorAssemblies (0ms)
				RefreshPlugins (110ms)
				BeforeProcessingInitializeOnLoad (103ms)
				ProcessInitializeOnLoadAttributes (358ms)
				ProcessInitializeOnLoadMethodAttributes (20ms)
				AfterProcessingInitializeOnLoad (10ms)
				EditorAssembliesLoaded (0ms)
			ExecutionOrderSort2 (0ms)
			AwakeInstancesAfterBackupRestoration (7ms)
Platform modules already initialized, skipping
========================================================================
Worker process is ready to serve import requests
Launched and connected shader compiler UnityShaderCompiler.exe after 0.09 seconds
Refreshing native plugins compatible for Editor in 0.68 ms, found 4 plugins.
Preloading 0 native plugins for Editor in 0.00 ms.
Unloading 3675 Unused Serialized files (Serialized files now loaded: 0)
System memory in use before: 136.7 MB.
System memory in use after: 136.9 MB.

Unloading 32 unused Assets to reduce memory usage. Loaded Objects now: 4124.
Total: 3.705000 ms (FindLiveObjects: 0.244100 ms CreateObjectMapping: 0.152300 ms MarkObjects: 3.244500 ms  DeleteObjects: 0.063000 ms)

AssetImportParameters requested are different than current active one (requested -> active):
  custom:framework-win-MediaFoundation: 216162199b28c13a410421893ffa2e32 -> 
  custom:video-decoder-ogg-theora: a1e56fd34408186e4bbccfd4996cb3dc -> 
  custom:container-muxer-webm: aa71ff27fc2769a1b78a27578f13a17b -> 
  custom:container-demuxer-webm: 4f35f7cbe854078d1ac9338744f61a02 -> 
  custom:container-demuxer-ogg: 62fdf1f143b41e24485cea50d1cbac27 -> 
  custom:video-encoder-webm-vp8: eb34c28f22e8b96e1ab97ce403110664 -> 
  custom:video-decoder-webm-vp8: 9c59270c3fd7afecdb556c50c9e8de78 -> 
  custom:audio-decoder-ogg-vorbis: bf7c407c2cedff20999df2af8eb42d56 -> 
  custom:audio-encoder-webm-vorbis: bf7c407c2cedff20999df2af8eb42d56 -> 
========================================================================
Received Import Request.
  path: Assets/MR-Platformer-PixelAssets-v1/Main/Tiles/Tile-03.png
  artifactKey: Guid(e05217dcfffa9cf4885b2e70a2bc78c5) Importer(815301076,1909f56bfc062723c751e8b465ee728b)
Start importing Assets/MR-Platformer-PixelAssets-v1/Main/Tiles/Tile-03.png using Guid(e05217dcfffa9cf4885b2e70a2bc78c5) Importer(815301076,1909f56bfc062723c751e8b465ee728b)  -> (artifact id: '181cb86dae340e75bf8c922b8feb4319') in 0.166786 seconds 
========================================================================
Received Import Request.
  Time since last request: 0.000644 seconds.
  path: Assets/MR-Platformer-PixelAssets-v1/Main/Tiles/Tile-07.png
  artifactKey: Guid(0946a5c312a14d241818a30534c7fef2) Importer(815301076,1909f56bfc062723c751e8b465ee728b)
Start importing Assets/MR-Platformer-PixelAssets-v1/Main/Tiles/Tile-07.png using Guid(0946a5c312a14d241818a30534c7fef2) Importer(815301076,1909f56bfc062723c751e8b465ee728b)  -> (artifact id: 'b83200bb273448127965d917c80296f5') in 0.027672 seconds 
========================================================================
Received Import Request.
  Time since last request: 0.000621 seconds.
  path: Assets/MR-Platformer-PixelAssets-v1/Main/Tiles/Tile-16.png
  artifactKey: Guid(a7f126e277ff590468aaa0c8cb6483d1) Importer(815301076,1909f56bfc062723c751e8b465ee728b)
Start importing Assets/MR-Platformer-PixelAssets-v1/Main/Tiles/Tile-16.png using Guid(a7f126e277ff590468aaa0c8cb6483d1) Importer(815301076,1909f56bfc062723c751e8b465ee728b)  -> (artifact id: '06136bd336c6ecdf5b936e24b1bb8880') in 0.040592 seconds 
========================================================================
Received Import Request.
  Time since last request: 0.000578 seconds.
  path: Assets/MR-Platformer-PixelAssets-v1/Main/Tiles/Tile-10.png
  artifactKey: Guid(3a3f86de35753e44b99de25ae16dd948) Importer(815301076,1909f56bfc062723c751e8b465ee728b)
Start importing Assets/MR-Platformer-PixelAssets-v1/Main/Tiles/Tile-10.png using Guid(3a3f86de35753e44b99de25ae16dd948) Importer(815301076,1909f56bfc062723c751e8b465ee728b)  -> (artifact id: '8d2539670da7d2a018a248d065cfcd07') in 0.017870 seconds 
========================================================================
Received Import Request.
  Time since last request: 0.000572 seconds.
  path: Assets/MR-Platformer-PixelAssets-v1/Main/Tiles
  artifactKey: Guid(4f66730a2f67bc34cb5a3c599aa795a9) Importer(815301076,1909f56bfc062723c751e8b465ee728b)
Start importing Assets/MR-Platformer-PixelAssets-v1/Main/Tiles using Guid(4f66730a2f67bc34cb5a3c599aa795a9) Importer(815301076,1909f56bfc062723c751e8b465ee728b)  -> (artifact id: 'e451db351a24a7dde259687839ea1238') in 0.007956 seconds 
========================================================================
Received Import Request.
  Time since last request: 0.000634 seconds.
  path: Assets/MR-Platformer-PixelAssets-v1/Main/Tiles/Tile-19.png
  artifactKey: Guid(685af91b8fd2d744eb52fb03eca10f6a) Importer(815301076,1909f56bfc062723c751e8b465ee728b)
Start importing Assets/MR-Platformer-PixelAssets-v1/Main/Tiles/Tile-19.png using Guid(685af91b8fd2d744eb52fb03eca10f6a) Importer(815301076,1909f56bfc062723c751e8b465ee728b)  -> (artifact id: 'f31d8225090edbd7fccaa9fdc6587e76') in 0.022514 seconds 
========================================================================
Received Import Request.
  Time since last request: 0.000634 seconds.
  path: Assets/MR-Platformer-PixelAssets-v1/Main/Tiles/Tile-18.png
  artifactKey: Guid(5be2fc7b89d7106439826f989e53e0df) Importer(815301076,1909f56bfc062723c751e8b465ee728b)
Start importing Assets/MR-Platformer-PixelAssets-v1/Main/Tiles/Tile-18.png using Guid(5be2fc7b89d7106439826f989e53e0df) Importer(815301076,1909f56bfc062723c751e8b465ee728b)  -> (artifact id: 'c2b5e375a35261480aef79c244196f02') in 0.020879 seconds 
========================================================================
Received Import Request.
  Time since last request: 0.000696 seconds.
  path: Assets/MR-Platformer-PixelAssets-v1/Main/Tiles/Tile-02.png
  artifactKey: Guid(2675cd34731906147b07c84e886d3b0c) Importer(815301076,1909f56bfc062723c751e8b465ee728b)
Start importing Assets/MR-Platformer-PixelAssets-v1/Main/Tiles/Tile-02.png using Guid(2675cd34731906147b07c84e886d3b0c) Importer(815301076,1909f56bfc062723c751e8b465ee728b)  -> (artifact id: 'fab7024b37e3d943108f369e9044eec3') in 0.031847 seconds 
========================================================================
Received Import Request.
  Time since last request: 0.000545 seconds.
  path: Assets/MR-Platformer-PixelAssets-v1/Main/Tiles/Tile-23.png
  artifactKey: Guid(c5d759bdfbeb9e846b29a2fd01506452) Importer(815301076,1909f56bfc062723c751e8b465ee728b)
Start importing Assets/MR-Platformer-PixelAssets-v1/Main/Tiles/Tile-23.png using Guid(c5d759bdfbeb9e846b29a2fd01506452) Importer(815301076,1909f56bfc062723c751e8b465ee728b)  -> (artifact id: '9a654415391af7e2c9113fecc81fd58b') in 0.023965 seconds 
========================================================================
Received Import Request.
  Time since last request: 0.000622 seconds.
  path: Assets/MR-Platformer-PixelAssets-v1/Main/Tiles/Tile-01.png
  artifactKey: Guid(63b9e313d9291f14db749cff3b3ba947) Importer(815301076,1909f56bfc062723c751e8b465ee728b)
Start importing Assets/MR-Platformer-PixelAssets-v1/Main/Tiles/Tile-01.png using Guid(63b9e313d9291f14db749cff3b3ba947) Importer(815301076,1909f56bfc062723c751e8b465ee728b)  -> (artifact id: 'c99cc2dff66c331d523d4e47bf9f0d90') in 0.019399 seconds 
========================================================================
Received Import Request.
  Time since last request: 0.000653 seconds.
  path: Assets/MR-Platformer-PixelAssets-v1/Main/Tiles/Tile-04.png
  artifactKey: Guid(d3ec42b9127ee424f97263b585b89315) Importer(815301076,1909f56bfc062723c751e8b465ee728b)
Start importing Assets/MR-Platformer-PixelAssets-v1/Main/Tiles/Tile-04.png using Guid(d3ec42b9127ee424f97263b585b89315) Importer(815301076,1909f56bfc062723c751e8b465ee728b)  -> (artifact id: 'c9f7b71b0e87ef08edec586d07cc9ab3') in 0.022323 seconds 
========================================================================
Received Import Request.
  Time since last request: 0.000427 seconds.
  path: Assets/MR-Platformer-PixelAssets-v1/Main/Tiles/Tile-08.png
  artifactKey: Guid(c0a4484b1560ad44e94f6b86b542c5a1) Importer(815301076,1909f56bfc062723c751e8b465ee728b)
Start importing Assets/MR-Platformer-PixelAssets-v1/Main/Tiles/Tile-08.png using Guid(c0a4484b1560ad44e94f6b86b542c5a1) Importer(815301076,1909f56bfc062723c751e8b465ee728b)  -> (artifact id: '084bf0715fb2ea5f363c66415f14263f') in 0.028552 seconds 
========================================================================
Received Import Request.
  Time since last request: 0.000507 seconds.
  path: Assets/MR-Platformer-PixelAssets-v1/Main
  artifactKey: Guid(8d62ed4597e8725409d3e3a186360150) Importer(815301076,1909f56bfc062723c751e8b465ee728b)
Start importing Assets/MR-Platformer-PixelAssets-v1/Main using Guid(8d62ed4597e8725409d3e3a186360150) Importer(815301076,1909f56bfc062723c751e8b465ee728b)  -> (artifact id: '2413e4b28fe4a86d300646c6eb6f7f9a') in 0.007839 seconds 
========================================================================
Received Import Request.
  Time since last request: 0.000655 seconds.
  path: Assets/MR-Platformer-PixelAssets-v1/Main/Tiles/Tile-21.png
  artifactKey: Guid(123b81f7094ee8d42aad1daaeddd72da) Importer(815301076,1909f56bfc062723c751e8b465ee728b)
Start importing Assets/MR-Platformer-PixelAssets-v1/Main/Tiles/Tile-21.png using Guid(123b81f7094ee8d42aad1daaeddd72da) Importer(815301076,1909f56bfc062723c751e8b465ee728b)  -> (artifact id: '6137e620c176798bee18e4204f1021a6') in 0.021172 seconds 
========================================================================
Received Import Request.
  Time since last request: 0.000540 seconds.
  path: Assets/MR-Platformer-PixelAssets-v1/Main/Tiles/Tile-13.png
  artifactKey: Guid(c176e65c14f030f4aa85e5ed4bc86ef2) Importer(815301076,1909f56bfc062723c751e8b465ee728b)
Start importing Assets/MR-Platformer-PixelAssets-v1/Main/Tiles/Tile-13.png using Guid(c176e65c14f030f4aa85e5ed4bc86ef2) Importer(815301076,1909f56bfc062723c751e8b465ee728b)  -> (artifact id: 'afcc0eb00f34faba8c0a41409a5a79d1') in 0.016700 seconds 
========================================================================
Received Import Request.
  Time since last request: 0.000608 seconds.
  path: Assets/MR-Platformer-PixelAssets-v1/Main/Tiles/Tile-17.png
  artifactKey: Guid(8c0f9b62f2267794cb0f65e014bc2287) Importer(815301076,1909f56bfc062723c751e8b465ee728b)
Start importing Assets/MR-Platformer-PixelAssets-v1/Main/Tiles/Tile-17.png using Guid(8c0f9b62f2267794cb0f65e014bc2287) Importer(815301076,1909f56bfc062723c751e8b465ee728b)  -> (artifact id: '97d9a655d3de89093ec8f5477aa11ff5') in 0.017293 seconds 
========================================================================
Received Import Request.
  Time since last request: 0.000471 seconds.
  path: Assets/MR-Platformer-PixelAssets-v1/Main/Tiles/Tile-20.png
  artifactKey: Guid(b1f317eb746f8d3449cef4fea57a58a9) Importer(815301076,1909f56bfc062723c751e8b465ee728b)
Start importing Assets/MR-Platformer-PixelAssets-v1/Main/Tiles/Tile-20.png using Guid(b1f317eb746f8d3449cef4fea57a58a9) Importer(815301076,1909f56bfc062723c751e8b465ee728b)  -> (artifact id: '0a40a84ae5d7e3718af809fbd3b702b1') in 0.016180 seconds 
========================================================================
Received Import Request.
  Time since last request: 0.000745 seconds.
  path: Assets/MR-Platformer-PixelAssets-v1/Main/Tiles/Tile-24.png
  artifactKey: Guid(516d55f0850e297438db703ebf91e997) Importer(815301076,1909f56bfc062723c751e8b465ee728b)
Start importing Assets/MR-Platformer-PixelAssets-v1/Main/Tiles/Tile-24.png using Guid(516d55f0850e297438db703ebf91e997) Importer(815301076,1909f56bfc062723c751e8b465ee728b)  -> (artifact id: '6ae1ac54a9faceef845a330a7f1e2733') in 0.019823 seconds 
========================================================================
Received Import Request.
  Time since last request: 0.000739 seconds.
  path: Assets/MR-Platformer-PixelAssets-v1/Main/Tiles/Tile-06.png
  artifactKey: Guid(4660a0b7a9a95a945b92012ebedd5f46) Importer(815301076,1909f56bfc062723c751e8b465ee728b)
Start importing Assets/MR-Platformer-PixelAssets-v1/Main/Tiles/Tile-06.png using Guid(4660a0b7a9a95a945b92012ebedd5f46) Importer(815301076,1909f56bfc062723c751e8b465ee728b)  -> (artifact id: '68a318080c838f8fbf64e76f39de4159') in 0.016462 seconds 
========================================================================
Received Import Request.
  Time since last request: 0.000744 seconds.
  path: Assets/MR-Platformer-PixelAssets-v1/Main/Tiles/Tile-27.png
  artifactKey: Guid(f2b06e2a0dc614e409e1e7ac3d9f3a64) Importer(815301076,1909f56bfc062723c751e8b465ee728b)
Start importing Assets/MR-Platformer-PixelAssets-v1/Main/Tiles/Tile-27.png using Guid(f2b06e2a0dc614e409e1e7ac3d9f3a64) Importer(815301076,1909f56bfc062723c751e8b465ee728b)  -> (artifact id: '99f852a6c8bf7d3270e268483d21f942') in 0.017286 seconds 
========================================================================
Received Import Request.
  Time since last request: 0.000450 seconds.
  path: Assets/MR-Platformer-PixelAssets-v1/Main/Tiles/Tile-14.png
  artifactKey: Guid(35b2082d67e90eb42806135ce76315c8) Importer(815301076,1909f56bfc062723c751e8b465ee728b)
Start importing Assets/MR-Platformer-PixelAssets-v1/Main/Tiles/Tile-14.png using Guid(35b2082d67e90eb42806135ce76315c8) Importer(815301076,1909f56bfc062723c751e8b465ee728b)  -> (artifact id: 'de51921e1046b1f63e107498bca58b70') in 0.017633 seconds 
========================================================================
Received Import Request.
  Time since last request: 0.000486 seconds.
  path: Assets/MR-Platformer-PixelAssets-v1/Main/Tiles/Tile-12.png
  artifactKey: Guid(5394c81349e30254e995be78d1ce3744) Importer(815301076,1909f56bfc062723c751e8b465ee728b)
Start importing Assets/MR-Platformer-PixelAssets-v1/Main/Tiles/Tile-12.png using Guid(5394c81349e30254e995be78d1ce3744) Importer(815301076,1909f56bfc062723c751e8b465ee728b)  -> (artifact id: 'eb954d657288e27cdbedcd2af3eedad3') in 0.016020 seconds 
========================================================================
Received Import Request.
  Time since last request: 0.000509 seconds.
  path: Assets/MR-Platformer-PixelAssets-v1/Main/Tiles/Tile-22.png
  artifactKey: Guid(bf3fd2514f993f849a252318ee610a9d) Importer(815301076,1909f56bfc062723c751e8b465ee728b)
Start importing Assets/MR-Platformer-PixelAssets-v1/Main/Tiles/Tile-22.png using Guid(bf3fd2514f993f849a252318ee610a9d) Importer(815301076,1909f56bfc062723c751e8b465ee728b)  -> (artifact id: '3cc7a42b43b7fab77ecad26218b1c763') in 0.018088 seconds 
========================================================================
Received Import Request.
  Time since last request: 0.000556 seconds.
  path: Assets/MR-Platformer-PixelAssets-v1/Main/Tiles/Tile-26.png
  artifactKey: Guid(cf61c433cc3409c489fac70ea6fa681f) Importer(815301076,1909f56bfc062723c751e8b465ee728b)
Start importing Assets/MR-Platformer-PixelAssets-v1/Main/Tiles/Tile-26.png using Guid(cf61c433cc3409c489fac70ea6fa681f) Importer(815301076,1909f56bfc062723c751e8b465ee728b)  -> (artifact id: 'd8a47a3772bf1004e1bf8fc0a4b023d7') in 0.016281 seconds 
========================================================================
Received Import Request.
  Time since last request: 0.000500 seconds.
  path: Assets/MR-Platformer-PixelAssets-v1/Main/Tiles/Tile-15.png
  artifactKey: Guid(ef2fa6db1c338594aa5051a3358af0ac) Importer(815301076,1909f56bfc062723c751e8b465ee728b)
Start importing Assets/MR-Platformer-PixelAssets-v1/Main/Tiles/Tile-15.png using Guid(ef2fa6db1c338594aa5051a3358af0ac) Importer(815301076,1909f56bfc062723c751e8b465ee728b)  -> (artifact id: '0231a69e38492adb8697e5b4114579cc') in 0.015578 seconds 
========================================================================
Received Import Request.
  Time since last request: 0.000564 seconds.
  path: Assets/MR-Platformer-PixelAssets-v1/Main/Tiles/Tile-25.png
  artifactKey: Guid(b39ad0db66ead1743b1f91c6a386adb6) Importer(815301076,1909f56bfc062723c751e8b465ee728b)
Start importing Assets/MR-Platformer-PixelAssets-v1/Main/Tiles/Tile-25.png using Guid(b39ad0db66ead1743b1f91c6a386adb6) Importer(815301076,1909f56bfc062723c751e8b465ee728b)  -> (artifact id: '03096bdd4012e6f76710efd7c028b77f') in 0.016151 seconds 
========================================================================
Received Import Request.
  Time since last request: 0.000677 seconds.
  path: Assets/MR-Platformer-PixelAssets-v1/Main/Tiles/Tile-09.png
  artifactKey: Guid(546e04ab541b8644abfa5885188df0d1) Importer(815301076,1909f56bfc062723c751e8b465ee728b)
Start importing Assets/MR-Platformer-PixelAssets-v1/Main/Tiles/Tile-09.png using Guid(546e04ab541b8644abfa5885188df0d1) Importer(815301076,1909f56bfc062723c751e8b465ee728b)  -> (artifact id: '7be1c2912bb5df17022aa7e0edd20280') in 0.017678 seconds 
========================================================================
Received Import Request.
  Time since last request: 0.000594 seconds.
  path: Assets/MR-Platformer-PixelAssets-v1/Main/Tiles/Tile-11.png
  artifactKey: Guid(345a958da206a474194994d1aaee454b) Importer(815301076,1909f56bfc062723c751e8b465ee728b)
Start importing Assets/MR-Platformer-PixelAssets-v1/Main/Tiles/Tile-11.png using Guid(345a958da206a474194994d1aaee454b) Importer(815301076,1909f56bfc062723c751e8b465ee728b)  -> (artifact id: 'd5415babf7e4519e4736c52c5bd4d51f') in 0.017314 seconds 
========================================================================
Received Import Request.
  Time since last request: 0.000520 seconds.
  path: Assets/MR-Platformer-PixelAssets-v1/Main/Tiles/Tile-05.png
  artifactKey: Guid(0e9b732d0939f064c83c081c5d0b9c0c) Importer(815301076,1909f56bfc062723c751e8b465ee728b)
Start importing Assets/MR-Platformer-PixelAssets-v1/Main/Tiles/Tile-05.png using Guid(0e9b732d0939f064c83c081c5d0b9c0c) Importer(815301076,1909f56bfc062723c751e8b465ee728b)  -> (artifact id: '772e4b91b4638f2bf778bec19888aeeb') in 0.018482 seconds 
========================================================================
Received Import Request.
  Time since last request: 0.000647 seconds.
  path: Assets/MR-Platformer-PixelAssets-v1/Main/Tiles/Cave-Under-Tile.png
  artifactKey: Guid(7f88ed951862fdb41b2bb77cf249c4af) Importer(815301076,1909f56bfc062723c751e8b465ee728b)
Start importing Assets/MR-Platformer-PixelAssets-v1/Main/Tiles/Cave-Under-Tile.png using Guid(7f88ed951862fdb41b2bb77cf249c4af) Importer(815301076,1909f56bfc062723c751e8b465ee728b)  -> (artifact id: '49eeebe5f148ae7ac56c434c593f3a53') in 0.021508 seconds 
========================================================================
Received Import Request.
  Time since last request: 0.000614 seconds.
  path: Assets/MR-Platformer-PixelAssets-v1
  artifactKey: Guid(da348ab81d1122046aa19b604b1923b2) Importer(815301076,1909f56bfc062723c751e8b465ee728b)
Start importing Assets/MR-Platformer-PixelAssets-v1 using Guid(da348ab81d1122046aa19b604b1923b2) Importer(815301076,1909f56bfc062723c751e8b465ee728b)  -> (artifact id: 'ed99f555180f7022e4767b24abc98534') in 0.008746 seconds 
========================================================================
Received Import Request.
  Time since last request: 8.131547 seconds.
  path: Assets/MR-Platformer-PixelAssets-v1/Main/Tiles/MrPlatformer_MainTiles.png
  artifactKey: Guid(8dd8b000eb24036488f4edfcaddd0b6e) Importer(815301076,1909f56bfc062723c751e8b465ee728b)
Start importing Assets/MR-Platformer-PixelAssets-v1/Main/Tiles/MrPlatformer_MainTiles.png using Guid(8dd8b000eb24036488f4edfcaddd0b6e) Importer(815301076,1909f56bfc062723c751e8b465ee728b)  -> (artifact id: '59c4e919e2bfeab29c6f27addea20058') in 0.030782 seconds 
========================================================================
Received Import Request.
  Time since last request: 81.112235 seconds.
  path: Assets/MR-Platformer-PixelAssets-v1/Main/Tiles/MrPlatformer_MainTiles.png
  artifactKey: Guid(8dd8b000eb24036488f4edfcaddd0b6e) Importer(815301076,1909f56bfc062723c751e8b465ee728b)
Start importing Assets/MR-Platformer-PixelAssets-v1/Main/Tiles/MrPlatformer_MainTiles.png using Guid(8dd8b000eb24036488f4edfcaddd0b6e) Importer(815301076,1909f56bfc062723c751e8b465ee728b)  -> (artifact id: 'a83621ecfbaa8f27f3e0ba81e485b8e7') in 0.013043 seconds 
========================================================================
Received Import Request.
  Time since last request: 35.124382 seconds.
  path: Assets/MR-Platformer-PixelAssets-v1/Main/Tiles/MrPlatformer_MainTiles.png
  artifactKey: Guid(8dd8b000eb24036488f4edfcaddd0b6e) Importer(815301076,1909f56bfc062723c751e8b465ee728b)
Start importing Assets/MR-Platformer-PixelAssets-v1/Main/Tiles/MrPlatformer_MainTiles.png using Guid(8dd8b000eb24036488f4edfcaddd0b6e) Importer(815301076,1909f56bfc062723c751e8b465ee728b)  -> (artifact id: '16b6ae9af38d9f787931321eb47aaa55') in 0.160703 seconds 
========================================================================
Received Import Request.
  Time since last request: 24.308110 seconds.
  path: Assets/MR-Platformer-PixelAssets-v1/Main/Tiles/Tile-28.png
  artifactKey: Guid(c61bfab6ec4e9104294983a20831f460) Importer(815301076,1909f56bfc062723c751e8b465ee728b)
Start importing Assets/MR-Platformer-PixelAssets-v1/Main/Tiles/Tile-28.png using Guid(c61bfab6ec4e9104294983a20831f460) Importer(815301076,1909f56bfc062723c751e8b465ee728b)  -> (artifact id: 'e2904a43bbcea82b9a37eacd79861a34') in 0.022540 seconds 
========================================================================
Received Import Request.
  Time since last request: 0.000696 seconds.
  path: Assets/MR-Platformer-PixelAssets-v1/Main/Tiles/Tile-30.png
  artifactKey: Guid(11c331e81e0dbde4d8a4961551d5dca4) Importer(815301076,1909f56bfc062723c751e8b465ee728b)
Start importing Assets/MR-Platformer-PixelAssets-v1/Main/Tiles/Tile-30.png using Guid(11c331e81e0dbde4d8a4961551d5dca4) Importer(815301076,1909f56bfc062723c751e8b465ee728b)  -> (artifact id: '8a1101de5cdeeeec99692f8f820a5a15') in 0.017810 seconds 
========================================================================
Received Import Request.
  Time since last request: 0.000667 seconds.
  path: Assets/MR-Platformer-PixelAssets-v1/Main/Tiles/Tile-31.png
  artifactKey: Guid(e3e113787778dbe43a5983d58a9d0f57) Importer(815301076,1909f56bfc062723c751e8b465ee728b)
Start importing Assets/MR-Platformer-PixelAssets-v1/Main/Tiles/Tile-31.png using Guid(e3e113787778dbe43a5983d58a9d0f57) Importer(815301076,1909f56bfc062723c751e8b465ee728b)  -> (artifact id: '7cf1c15a62ea3fbca22575a406e24e36') in 0.025973 seconds 
========================================================================
Received Import Request.
  Time since last request: 0.000607 seconds.
  path: Assets/MR-Platformer-PixelAssets-v1/Main/Tiles/Tile-34.png
  artifactKey: Guid(ea979fa832ba06e4a86824a635e4512a) Importer(815301076,1909f56bfc062723c751e8b465ee728b)
Start importing Assets/MR-Platformer-PixelAssets-v1/Main/Tiles/Tile-34.png using Guid(ea979fa832ba06e4a86824a635e4512a) Importer(815301076,1909f56bfc062723c751e8b465ee728b)  -> (artifact id: '416b2fe4d426bcccd6078c482942c5a0') in 0.044022 seconds 
========================================================================
Received Import Request.
  Time since last request: 0.000610 seconds.
  path: Assets/MR-Platformer-PixelAssets-v1/Main/Tiles/Tile-33.png
  artifactKey: Guid(c41a24dd781ad8845bce55b65dd5fcf9) Importer(815301076,1909f56bfc062723c751e8b465ee728b)
Start importing Assets/MR-Platformer-PixelAssets-v1/Main/Tiles/Tile-33.png using Guid(c41a24dd781ad8845bce55b65dd5fcf9) Importer(815301076,1909f56bfc062723c751e8b465ee728b)  -> (artifact id: 'bf78b9f5b6da5f77d4616b0dcc49444f') in 0.020322 seconds 
========================================================================
Received Import Request.
  Time since last request: 0.000597 seconds.
  path: Assets/MR-Platformer-PixelAssets-v1/Main/Tiles/Tile-35.png
  artifactKey: Guid(ca656b32f6b901548899ab0d3c08110a) Importer(815301076,1909f56bfc062723c751e8b465ee728b)
Start importing Assets/MR-Platformer-PixelAssets-v1/Main/Tiles/Tile-35.png using Guid(ca656b32f6b901548899ab0d3c08110a) Importer(815301076,1909f56bfc062723c751e8b465ee728b)  -> (artifact id: '0eed683165a95fd69aeeffa340723b4a') in 0.019481 seconds 
========================================================================
Received Import Request.
  Time since last request: 0.000713 seconds.
  path: Assets/MR-Platformer-PixelAssets-v1/Main/Tiles/Tile-32.png
  artifactKey: Guid(0f6072133a0147c46b8793f1a5e4d294) Importer(815301076,1909f56bfc062723c751e8b465ee728b)
Start importing Assets/MR-Platformer-PixelAssets-v1/Main/Tiles/Tile-32.png using Guid(0f6072133a0147c46b8793f1a5e4d294) Importer(815301076,1909f56bfc062723c751e8b465ee728b)  -> (artifact id: '0b2e34398447c25b8abee6fbe5ea1b5d') in 0.032036 seconds 
========================================================================
Received Import Request.
  Time since last request: 0.000601 seconds.
  path: Assets/MR-Platformer-PixelAssets-v1/Main/Tiles/Tile-29.png
  artifactKey: Guid(f850f81199270c7468e35f438924a43f) Importer(815301076,1909f56bfc062723c751e8b465ee728b)
Start importing Assets/MR-Platformer-PixelAssets-v1/Main/Tiles/Tile-29.png using Guid(f850f81199270c7468e35f438924a43f) Importer(815301076,1909f56bfc062723c751e8b465ee728b)  -> (artifact id: '8944c8654b77fe3e25bb29ae6a1e2dd3') in 0.018321 seconds 
========================================================================
Received Import Request.
  Time since last request: 16.578353 seconds.
  path: Assets
  artifactKey: Guid(00000000000000001000000000000000) Importer(815301076,1909f56bfc062723c751e8b465ee728b)
Start importing Assets using Guid(00000000000000001000000000000000) Importer(815301076,1909f56bfc062723c751e8b465ee728b)  -> (artifact id: '68a4034d3d715da871e781da702f0bc5') in 0.009037 seconds 
========================================================================
Received Import Request.
  Time since last request: 16.869292 seconds.
  path: Assets/Tilesets
  artifactKey: Guid(6c24b51003a012e4aba38829dc43f2ff) Importer(815301076,1909f56bfc062723c751e8b465ee728b)
Start importing Assets/Tilesets using Guid(6c24b51003a012e4aba38829dc43f2ff) Importer(815301076,1909f56bfc062723c751e8b465ee728b)  -> (artifact id: 'c49dc7978fd67bf140f9602fc86ff34d') in 0.011472 seconds 
========================================================================
Received Import Request.
  Time since last request: 10.227909 seconds.
  path: Assets/Tilesets/WorldTiles
  artifactKey: Guid(3718c922250d3fb489c8666d5fb52c57) Importer(815301076,1909f56bfc062723c751e8b465ee728b)
Start importing Assets/Tilesets/WorldTiles using Guid(3718c922250d3fb489c8666d5fb52c57) Importer(815301076,1909f56bfc062723c751e8b465ee728b)  -> (artifact id: '5d875aa04b0c038df44c7f4df428bd42') in 0.010036 seconds 
========================================================================
Received Import Request.
  Time since last request: 52.283764 seconds.
  path: Assets/Tilesets/WorldTiles.prefab
  artifactKey: Guid(7a1111554aebef34ab96c3b17b4d8ea0) Importer(815301076,1909f56bfc062723c751e8b465ee728b)
Start importing Assets/Tilesets/WorldTiles.prefab using Guid(7a1111554aebef34ab96c3b17b4d8ea0) Importer(815301076,1909f56bfc062723c751e8b465ee728b)  -> (artifact id: '083e10eedd50a56dcabfcd7f1f183bdb') in 0.063781 seconds 
========================================================================
Received Import Request.
  Time since last request: 48.637887 seconds.
  path: Assets/Tilesets/WorldTiles.prefab
  artifactKey: Guid(7a1111554aebef34ab96c3b17b4d8ea0) Importer(815301076,1909f56bfc062723c751e8b465ee728b)
Start importing Assets/Tilesets/WorldTiles.prefab using Guid(7a1111554aebef34ab96c3b17b4d8ea0) Importer(815301076,1909f56bfc062723c751e8b465ee728b)  -> (artifact id: '16ba3d0cbd6328677e5db705148ec249') in 0.027179 seconds 
========================================================================
Received Import Request.
  Time since last request: 4.472640 seconds.
  path: Assets/Tilesets/WorldTiles/MrPlatformer_MainTiles_0.asset
  artifactKey: Guid(1af7504b11c3c1c498e987077913ef50) Importer(815301076,1909f56bfc062723c751e8b465ee728b)
Start importing Assets/Tilesets/WorldTiles/MrPlatformer_MainTiles_0.asset using Guid(1af7504b11c3c1c498e987077913ef50) Importer(815301076,1909f56bfc062723c751e8b465ee728b)  -> (artifact id: '8ffbc86db56d3c53c2f7a394454486b9') in 0.021628 seconds 
========================================================================
Received Import Request.
  Time since last request: 0.000539 seconds.
  path: Assets/Tilesets/WorldTiles/MrPlatformer_MainTiles_25.asset
  artifactKey: Guid(3d1b212f839f5bf4faab6e72d22768f7) Importer(815301076,1909f56bfc062723c751e8b465ee728b)
Start importing Assets/Tilesets/WorldTiles/MrPlatformer_MainTiles_25.asset using Guid(3d1b212f839f5bf4faab6e72d22768f7) Importer(815301076,1909f56bfc062723c751e8b465ee728b)  -> (artifact id: 'e40fea388556d4c186b9341628a94255') in 0.015872 seconds 
========================================================================
Received Import Request.
  Time since last request: 0.000616 seconds.
  path: Assets/Tilesets/WorldTiles/MrPlatformer_MainTiles_6.asset
  artifactKey: Guid(0bd353905feaad148a9b7a8feb3f5052) Importer(815301076,1909f56bfc062723c751e8b465ee728b)
Start importing Assets/Tilesets/WorldTiles/MrPlatformer_MainTiles_6.asset using Guid(0bd353905feaad148a9b7a8feb3f5052) Importer(815301076,1909f56bfc062723c751e8b465ee728b)  -> (artifact id: 'beb38991b5f54cbdb6b08475f2ffe3f6') in 0.014852 seconds 
========================================================================
Received Import Request.
  Time since last request: 0.000540 seconds.
  path: Assets/Tilesets/WorldTiles/MrPlatformer_MainTiles_10.asset
  artifactKey: Guid(339e4eda868d18c4982984a4152473e0) Importer(815301076,1909f56bfc062723c751e8b465ee728b)
Start importing Assets/Tilesets/WorldTiles/MrPlatformer_MainTiles_10.asset using Guid(339e4eda868d18c4982984a4152473e0) Importer(815301076,1909f56bfc062723c751e8b465ee728b)  -> (artifact id: '82ce85742d288c9087ec983ae04437bb') in 0.018204 seconds 
========================================================================
Received Import Request.
  Time since last request: 0.000657 seconds.
  path: Assets/Tilesets/WorldTiles/MrPlatformer_MainTiles_17.asset
  artifactKey: Guid(4944b450521e65041bd6e95ce0b3637d) Importer(815301076,1909f56bfc062723c751e8b465ee728b)
Start importing Assets/Tilesets/WorldTiles/MrPlatformer_MainTiles_17.asset using Guid(4944b450521e65041bd6e95ce0b3637d) Importer(815301076,1909f56bfc062723c751e8b465ee728b)  -> (artifact id: '01df91256e7f3b8a21fb2e154248db2f') in 0.013144 seconds 
========================================================================
Received Import Request.
  Time since last request: 0.000476 seconds.
  path: Assets/Tilesets/WorldTiles/MrPlatformer_MainTiles_7.asset
  artifactKey: Guid(b33589795adeeae4a98f8e963a7b8e06) Importer(815301076,1909f56bfc062723c751e8b465ee728b)
Start importing Assets/Tilesets/WorldTiles/MrPlatformer_MainTiles_7.asset using Guid(b33589795adeeae4a98f8e963a7b8e06) Importer(815301076,1909f56bfc062723c751e8b465ee728b)  -> (artifact id: 'dd24aea0c4c4c0f3f2b9da3f60c14225') in 0.012830 seconds 
========================================================================
Received Import Request.
  Time since last request: 0.000567 seconds.
  path: Assets/Tilesets/WorldTiles/MrPlatformer_MainTiles_1.asset
  artifactKey: Guid(8168b9a95adb8ee4ea3a71e99736f1a2) Importer(815301076,1909f56bfc062723c751e8b465ee728b)
Start importing Assets/Tilesets/WorldTiles/MrPlatformer_MainTiles_1.asset using Guid(8168b9a95adb8ee4ea3a71e99736f1a2) Importer(815301076,1909f56bfc062723c751e8b465ee728b)  -> (artifact id: 'a3776cd3e23ebdffbe05990ff0da5440') in 0.013294 seconds 
========================================================================
Received Import Request.
  Time since last request: 0.000565 seconds.
  path: Assets/Tilesets/WorldTiles/MrPlatformer_MainTiles_5.asset
  artifactKey: Guid(aeb3b88cd36c2204593694cfe61c82ce) Importer(815301076,1909f56bfc062723c751e8b465ee728b)
Start importing Assets/Tilesets/WorldTiles/MrPlatformer_MainTiles_5.asset using Guid(aeb3b88cd36c2204593694cfe61c82ce) Importer(815301076,1909f56bfc062723c751e8b465ee728b)  -> (artifact id: '53bfbb0ddee49f49082c8a97d3755a13') in 0.015203 seconds 
========================================================================
Received Import Request.
  Time since last request: 0.000660 seconds.
  path: Assets/Tilesets/WorldTiles/MrPlatformer_MainTiles_18.asset
  artifactKey: Guid(80895668c3db83a47b6c6858a63eab8d) Importer(815301076,1909f56bfc062723c751e8b465ee728b)
Start importing Assets/Tilesets/WorldTiles/MrPlatformer_MainTiles_18.asset using Guid(80895668c3db83a47b6c6858a63eab8d) Importer(815301076,1909f56bfc062723c751e8b465ee728b)  -> (artifact id: '6d8baa36f2e737f1e222afd15f53f0c9') in 0.013761 seconds 
========================================================================
Received Import Request.
  Time since last request: 0.000503 seconds.
  path: Assets/Tilesets/WorldTiles/MrPlatformer_MainTiles_21.asset
  artifactKey: Guid(85f1bea4118040c4682e22b8f5a39c40) Importer(815301076,1909f56bfc062723c751e8b465ee728b)
Start importing Assets/Tilesets/WorldTiles/MrPlatformer_MainTiles_21.asset using Guid(85f1bea4118040c4682e22b8f5a39c40) Importer(815301076,1909f56bfc062723c751e8b465ee728b)  -> (artifact id: '0bbad736a91a4aeca82323d0fe162acc') in 0.013099 seconds 
========================================================================
Received Import Request.
  Time since last request: 0.000389 seconds.
  path: Assets/Tilesets/WorldTiles/MrPlatformer_MainTiles_19.asset
  artifactKey: Guid(77cda1e536451064897246e22dd26a06) Importer(815301076,1909f56bfc062723c751e8b465ee728b)
Start importing Assets/Tilesets/WorldTiles/MrPlatformer_MainTiles_19.asset using Guid(77cda1e536451064897246e22dd26a06) Importer(815301076,1909f56bfc062723c751e8b465ee728b)  -> (artifact id: '2bdc3467389bb00f397ca7635cf261bd') in 0.012594 seconds 
========================================================================
Received Import Request.
  Time since last request: 0.000651 seconds.
  path: Assets/Tilesets/WorldTiles/MrPlatformer_MainTiles_9.asset
  artifactKey: Guid(d378d89e991cac447b2367486988a105) Importer(815301076,1909f56bfc062723c751e8b465ee728b)
Start importing Assets/Tilesets/WorldTiles/MrPlatformer_MainTiles_9.asset using Guid(d378d89e991cac447b2367486988a105) Importer(815301076,1909f56bfc062723c751e8b465ee728b)  -> (artifact id: '214662f55993b59404289dc5da7a3b86') in 0.018127 seconds 
========================================================================
Received Import Request.
  Time since last request: 0.000686 seconds.
  path: Assets/Tilesets/WorldTiles/MrPlatformer_MainTiles_24.asset
  artifactKey: Guid(8cfaf1b5f85b1a24c842a28d63ddb970) Importer(815301076,1909f56bfc062723c751e8b465ee728b)
Start importing Assets/Tilesets/WorldTiles/MrPlatformer_MainTiles_24.asset using Guid(8cfaf1b5f85b1a24c842a28d63ddb970) Importer(815301076,1909f56bfc062723c751e8b465ee728b)  -> (artifact id: '8f46bd8da61621724d2590ac2230ec45') in 0.014166 seconds 
========================================================================
Received Import Request.
  Time since last request: 0.000600 seconds.
  path: Assets/Tilesets/WorldTiles/MrPlatformer_MainTiles_20.asset
  artifactKey: Guid(99d47b46a530ac94295bc367f50c72d5) Importer(815301076,1909f56bfc062723c751e8b465ee728b)
Start importing Assets/Tilesets/WorldTiles/MrPlatformer_MainTiles_20.asset using Guid(99d47b46a530ac94295bc367f50c72d5) Importer(815301076,1909f56bfc062723c751e8b465ee728b)  -> (artifact id: 'ce92384a5d8f977fec7ae9e6a7064a02') in 0.015256 seconds 
========================================================================
Received Import Request.
  Time since last request: 0.000660 seconds.
  path: Assets/Tilesets/WorldTiles/MrPlatformer_MainTiles_8.asset
  artifactKey: Guid(bc745779f6b3b934a94607fdaca5f6e5) Importer(815301076,1909f56bfc062723c751e8b465ee728b)
Start importing Assets/Tilesets/WorldTiles/MrPlatformer_MainTiles_8.asset using Guid(bc745779f6b3b934a94607fdaca5f6e5) Importer(815301076,1909f56bfc062723c751e8b465ee728b)  -> (artifact id: '5b6be4a0ec0b4c52ad130e388c6f350b') in 0.018140 seconds 
========================================================================
Received Import Request.
  Time since last request: 0.000438 seconds.
  path: Assets/Tilesets/WorldTiles/MrPlatformer_MainTiles_27.asset
  artifactKey: Guid(3abebc5de3001584ea5b1423a3bb8cb8) Importer(815301076,1909f56bfc062723c751e8b465ee728b)
Start importing Assets/Tilesets/WorldTiles/MrPlatformer_MainTiles_27.asset using Guid(3abebc5de3001584ea5b1423a3bb8cb8) Importer(815301076,1909f56bfc062723c751e8b465ee728b)  -> (artifact id: 'e40b7df918ffc7e43d20215616316294') in 0.014672 seconds 
========================================================================
Received Import Request.
  Time since last request: 0.000618 seconds.
  path: Assets/Tilesets/WorldTiles/MrPlatformer_MainTiles_26.asset
  artifactKey: Guid(ceff0d8de5d05d744b185adb238a6077) Importer(815301076,1909f56bfc062723c751e8b465ee728b)
Start importing Assets/Tilesets/WorldTiles/MrPlatformer_MainTiles_26.asset using Guid(ceff0d8de5d05d744b185adb238a6077) Importer(815301076,1909f56bfc062723c751e8b465ee728b)  -> (artifact id: '3dbdf3a2f3e51f01f290282d059dc838') in 0.014620 seconds 
========================================================================
Received Import Request.
  Time since last request: 0.000601 seconds.
  path: Assets/Tilesets/WorldTiles/MrPlatformer_MainTiles_23.asset
  artifactKey: Guid(9ace6be81dfe1a546909245c9b630746) Importer(815301076,1909f56bfc062723c751e8b465ee728b)
Start importing Assets/Tilesets/WorldTiles/MrPlatformer_MainTiles_23.asset using Guid(9ace6be81dfe1a546909245c9b630746) Importer(815301076,1909f56bfc062723c751e8b465ee728b)  -> (artifact id: '8c321eb2aee362fd32d724090def5d6a') in 0.016298 seconds 
========================================================================
Received Import Request.
  Time since last request: 0.000527 seconds.
  path: Assets/Tilesets/WorldTiles/MrPlatformer_MainTiles_15.asset
  artifactKey: Guid(4b1d05c30e13d1a488920ff39594d854) Importer(815301076,1909f56bfc062723c751e8b465ee728b)
Start importing Assets/Tilesets/WorldTiles/MrPlatformer_MainTiles_15.asset using Guid(4b1d05c30e13d1a488920ff39594d854) Importer(815301076,1909f56bfc062723c751e8b465ee728b)  -> (artifact id: '7965bbe69764a3ee3e8235bf6adb4dcc') in 0.014920 seconds 
========================================================================
Received Import Request.
  Time since last request: 0.000533 seconds.
  path: Assets/Tilesets/WorldTiles/MrPlatformer_MainTiles_22.asset
  artifactKey: Guid(6a9e5c814db87fb40b672df02e6f8a26) Importer(815301076,1909f56bfc062723c751e8b465ee728b)
Start importing Assets/Tilesets/WorldTiles/MrPlatformer_MainTiles_22.asset using Guid(6a9e5c814db87fb40b672df02e6f8a26) Importer(815301076,1909f56bfc062723c751e8b465ee728b)  -> (artifact id: '67e414c5094da3982000af16d52fce4e') in 0.013782 seconds 
========================================================================
Received Import Request.
  Time since last request: 0.000515 seconds.
  path: Assets/Tilesets/WorldTiles/MrPlatformer_MainTiles_4.asset
  artifactKey: Guid(2b11ca9a9b25cee45a5fa4067d4f66e8) Importer(815301076,1909f56bfc062723c751e8b465ee728b)
Start importing Assets/Tilesets/WorldTiles/MrPlatformer_MainTiles_4.asset using Guid(2b11ca9a9b25cee45a5fa4067d4f66e8) Importer(815301076,1909f56bfc062723c751e8b465ee728b)  -> (artifact id: '85c9f0359926687ebe5d2ff46a50bcfb') in 0.013171 seconds 
========================================================================
Received Import Request.
  Time since last request: 0.000509 seconds.
  path: Assets/Tilesets/WorldTiles/MrPlatformer_MainTiles_16.asset
  artifactKey: Guid(fe0cc310dbc55c841b2d2fc53f27fa80) Importer(815301076,1909f56bfc062723c751e8b465ee728b)
Start importing Assets/Tilesets/WorldTiles/MrPlatformer_MainTiles_16.asset using Guid(fe0cc310dbc55c841b2d2fc53f27fa80) Importer(815301076,1909f56bfc062723c751e8b465ee728b)  -> (artifact id: '314c10167621e48708f0cc24369cdcd5') in 0.015099 seconds 
========================================================================
Received Import Request.
  Time since last request: 0.000554 seconds.
  path: Assets/Tilesets/WorldTiles/MrPlatformer_MainTiles_2.asset
  artifactKey: Guid(168766ea4e2784c4bab30e718bfc33c9) Importer(815301076,1909f56bfc062723c751e8b465ee728b)
Start importing Assets/Tilesets/WorldTiles/MrPlatformer_MainTiles_2.asset using Guid(168766ea4e2784c4bab30e718bfc33c9) Importer(815301076,1909f56bfc062723c751e8b465ee728b)  -> (artifact id: 'adccac31c12a8844f3d1343f9d357568') in 0.014618 seconds 
========================================================================
Received Import Request.
  Time since last request: 0.000603 seconds.
  path: Assets/Tilesets/WorldTiles/MrPlatformer_MainTiles_13.asset
  artifactKey: Guid(97b1c6a2504efc044920a3eb8f55f2cf) Importer(815301076,1909f56bfc062723c751e8b465ee728b)
Start importing Assets/Tilesets/WorldTiles/MrPlatformer_MainTiles_13.asset using Guid(97b1c6a2504efc044920a3eb8f55f2cf) Importer(815301076,1909f56bfc062723c751e8b465ee728b)  -> (artifact id: '3e7ca16828af495dead3ef09fe6bcebd') in 0.016190 seconds 
========================================================================
Received Import Request.
  Time since last request: 0.000639 seconds.
  path: Assets/Tilesets/WorldTiles/MrPlatformer_MainTiles_14.asset
  artifactKey: Guid(30188cbd8595dbb4c85282899f9866fc) Importer(815301076,1909f56bfc062723c751e8b465ee728b)
Start importing Assets/Tilesets/WorldTiles/MrPlatformer_MainTiles_14.asset using Guid(30188cbd8595dbb4c85282899f9866fc) Importer(815301076,1909f56bfc062723c751e8b465ee728b)  -> (artifact id: 'c69752c153d032d79747363f3c25002f') in 0.014161 seconds 
========================================================================
Received Import Request.
  Time since last request: 0.000467 seconds.
  path: Assets/Tilesets/WorldTiles/MrPlatformer_MainTiles_3.asset
  artifactKey: Guid(3cd41b54234a15c4392ff04449a3ca55) Importer(815301076,1909f56bfc062723c751e8b465ee728b)
Start importing Assets/Tilesets/WorldTiles/MrPlatformer_MainTiles_3.asset using Guid(3cd41b54234a15c4392ff04449a3ca55) Importer(815301076,1909f56bfc062723c751e8b465ee728b)  -> (artifact id: '504961a254c01c44515a8ae801988119') in 0.013682 seconds 
========================================================================
Received Import Request.
  Time since last request: 0.000592 seconds.
  path: Assets/Tilesets/WorldTiles/MrPlatformer_MainTiles_12.asset
  artifactKey: Guid(865908fa58eda2143975ea7306314afb) Importer(815301076,1909f56bfc062723c751e8b465ee728b)
Start importing Assets/Tilesets/WorldTiles/MrPlatformer_MainTiles_12.asset using Guid(865908fa58eda2143975ea7306314afb) Importer(815301076,1909f56bfc062723c751e8b465ee728b)  -> (artifact id: '4a52b819d726f5b5cf18a432c86a5755') in 0.019229 seconds 
========================================================================
Received Import Request.
  Time since last request: 0.000623 seconds.
  path: Assets/Tilesets/WorldTiles/MrPlatformer_MainTiles_11.asset
  artifactKey: Guid(276d6e5cb0756c34794e0a823e3550d6) Importer(815301076,1909f56bfc062723c751e8b465ee728b)
Start importing Assets/Tilesets/WorldTiles/MrPlatformer_MainTiles_11.asset using Guid(276d6e5cb0756c34794e0a823e3550d6) Importer(815301076,1909f56bfc062723c751e8b465ee728b)  -> (artifact id: '8a45c22b9be89a6a97eda557158d6b65') in 0.013217 seconds 
========================================================================
Received Import Request.
  Time since last request: 8.972986 seconds.
  path: Assets/Tilesets/WorldTiles/MrPlatformer_MainTiles_28.asset
  artifactKey: Guid(3b19cdbc59006c64fbf617f1ef5d7bba) Importer(815301076,1909f56bfc062723c751e8b465ee728b)
Start importing Assets/Tilesets/WorldTiles/MrPlatformer_MainTiles_28.asset using Guid(3b19cdbc59006c64fbf617f1ef5d7bba) Importer(815301076,1909f56bfc062723c751e8b465ee728b)  -> (artifact id: 'e2a13c5a09c746056d4d2b3cb7c8c20e') in 0.014533 seconds 
========================================================================
Received Import Request.
  Time since last request: 0.000625 seconds.
  path: Assets/Tilesets/WorldTiles/MrPlatformer_MainTiles_31.asset
  artifactKey: Guid(02613693f3778654b94367aac54a1db1) Importer(815301076,1909f56bfc062723c751e8b465ee728b)
Start importing Assets/Tilesets/WorldTiles/MrPlatformer_MainTiles_31.asset using Guid(02613693f3778654b94367aac54a1db1) Importer(815301076,1909f56bfc062723c751e8b465ee728b)  -> (artifact id: '385d5c3a5649c9a12fcc42b9a15ac885') in 0.013082 seconds 
========================================================================
Received Import Request.
  Time since last request: 0.000487 seconds.
  path: Assets/Tilesets/WorldTiles/MrPlatformer_MainTiles_30.asset
  artifactKey: Guid(f77a844103053fd48b134f8375cdbf16) Importer(815301076,1909f56bfc062723c751e8b465ee728b)
Start importing Assets/Tilesets/WorldTiles/MrPlatformer_MainTiles_30.asset using Guid(f77a844103053fd48b134f8375cdbf16) Importer(815301076,1909f56bfc062723c751e8b465ee728b)  -> (artifact id: '1871072f26341298be0c5e48a9cd5c99') in 0.013870 seconds 
========================================================================
Received Import Request.
  Time since last request: 0.000525 seconds.
  path: Assets/Tilesets/WorldTiles/MrPlatformer_MainTiles_29.asset
  artifactKey: Guid(94b80a6e15ea8e242966cbb390fcb55e) Importer(815301076,1909f56bfc062723c751e8b465ee728b)
Start importing Assets/Tilesets/WorldTiles/MrPlatformer_MainTiles_29.asset using Guid(94b80a6e15ea8e242966cbb390fcb55e) Importer(815301076,1909f56bfc062723c751e8b465ee728b)  -> (artifact id: 'dccdaeda1dc3d233b0a980d1d6b85b40') in 0.012566 seconds 
========================================================================
Received Import Request.
  Time since last request: 0.000464 seconds.
  path: Assets/Tilesets/WorldTiles/MrPlatformer_MainTiles_32.asset
  artifactKey: Guid(54285e5f801f76948b8a09880426955f) Importer(815301076,1909f56bfc062723c751e8b465ee728b)
Start importing Assets/Tilesets/WorldTiles/MrPlatformer_MainTiles_32.asset using Guid(54285e5f801f76948b8a09880426955f) Importer(815301076,1909f56bfc062723c751e8b465ee728b)  -> (artifact id: '076bc090907d9e8bdd9c7ac65cc96bdb') in 0.014788 seconds 
========================================================================
Received Import Request.
  Time since last request: 0.000456 seconds.
  path: Assets/Tilesets/WorldTiles/MrPlatformer_MainTiles_33.asset
  artifactKey: Guid(9d4f0674c969dd04ba314acf162c5bb5) Importer(815301076,1909f56bfc062723c751e8b465ee728b)
Start importing Assets/Tilesets/WorldTiles/MrPlatformer_MainTiles_33.asset using Guid(9d4f0674c969dd04ba314acf162c5bb5) Importer(815301076,1909f56bfc062723c751e8b465ee728b)  -> (artifact id: 'a8520c21acd26b13e1f8e664f0267247') in 0.013567 seconds 
========================================================================
Received Import Request.
  Time since last request: 0.102451 seconds.
  path: Assets/Tilesets/WorldTiles/MrPlatformer_MainTiles_34.asset
  artifactKey: Guid(10b4fffa24216624c9cc92281eb76341) Importer(815301076,1909f56bfc062723c751e8b465ee728b)
Start importing Assets/Tilesets/WorldTiles/MrPlatformer_MainTiles_34.asset using Guid(10b4fffa24216624c9cc92281eb76341) Importer(815301076,1909f56bfc062723c751e8b465ee728b)  -> (artifact id: 'bd25073776eddcb7c2ee5e97b0403c99') in 0.016480 seconds 
========================================================================
Received Import Request.
  Time since last request: 0.000554 seconds.
  path: Assets/Tilesets/WorldTiles/MrPlatformer_MainTiles_35.asset
  artifactKey: Guid(e39b9e0e9d9774447bf7c5fe11c8da0f) Importer(815301076,1909f56bfc062723c751e8b465ee728b)
Start importing Assets/Tilesets/WorldTiles/MrPlatformer_MainTiles_35.asset using Guid(e39b9e0e9d9774447bf7c5fe11c8da0f) Importer(815301076,1909f56bfc062723c751e8b465ee728b)  -> (artifact id: '9ffed6e483b95b6bdbdb7847890bf610') in 0.013892 seconds 
========================================================================
Received Import Request.
  Time since last request: 0.000411 seconds.
  path: Assets/Tilesets/WorldTiles/MrPlatformer_MainTiles_36.asset
  artifactKey: Guid(344d76afe490970498371f2c5eff6560) Importer(815301076,1909f56bfc062723c751e8b465ee728b)
Start importing Assets/Tilesets/WorldTiles/MrPlatformer_MainTiles_36.asset using Guid(344d76afe490970498371f2c5eff6560) Importer(815301076,1909f56bfc062723c751e8b465ee728b)  -> (artifact id: '9bfc06548bffef82ddb5ad76288ba50c') in 0.015196 seconds 
========================================================================
Received Import Request.
  Time since last request: 0.000520 seconds.
  path: Assets/Tilesets/WorldTiles/MrPlatformer_MainTiles_44.asset
  artifactKey: Guid(bcc9c1c08e6db3d41b1ac69c1dd27216) Importer(815301076,1909f56bfc062723c751e8b465ee728b)
Start importing Assets/Tilesets/WorldTiles/MrPlatformer_MainTiles_44.asset using Guid(bcc9c1c08e6db3d41b1ac69c1dd27216) Importer(815301076,1909f56bfc062723c751e8b465ee728b)  -> (artifact id: '99cc1df86fb33385cc72cd7ab4c71532') in 0.012875 seconds 
========================================================================
Received Import Request.
  Time since last request: 0.000556 seconds.
  path: Assets/Tilesets/WorldTiles/MrPlatformer_MainTiles_46.asset
  artifactKey: Guid(df5a87ffa9ce22142a1c14b550a39d85) Importer(815301076,1909f56bfc062723c751e8b465ee728b)
Start importing Assets/Tilesets/WorldTiles/MrPlatformer_MainTiles_46.asset using Guid(df5a87ffa9ce22142a1c14b550a39d85) Importer(815301076,1909f56bfc062723c751e8b465ee728b)  -> (artifact id: '2e1a0d15ad6edfa6c833c90359bcee9d') in 0.013775 seconds 
========================================================================
Received Import Request.
  Time since last request: 0.000509 seconds.
  path: Assets/Tilesets/WorldTiles/MrPlatformer_MainTiles_43.asset
  artifactKey: Guid(236ea198b16807945abfc4857addba7d) Importer(815301076,1909f56bfc062723c751e8b465ee728b)
Start importing Assets/Tilesets/WorldTiles/MrPlatformer_MainTiles_43.asset using Guid(236ea198b16807945abfc4857addba7d) Importer(815301076,1909f56bfc062723c751e8b465ee728b)  -> (artifact id: 'c96101aa53cc64bc81d0843800144aec') in 0.013987 seconds 
========================================================================
Received Import Request.
  Time since last request: 0.000427 seconds.
  path: Assets/Tilesets/WorldTiles/MrPlatformer_MainTiles_48.asset
  artifactKey: Guid(8bd79a7722b7e3d4c8232d9ca4046315) Importer(815301076,1909f56bfc062723c751e8b465ee728b)
Start importing Assets/Tilesets/WorldTiles/MrPlatformer_MainTiles_48.asset using Guid(8bd79a7722b7e3d4c8232d9ca4046315) Importer(815301076,1909f56bfc062723c751e8b465ee728b)  -> (artifact id: 'd7e22b93a8d313994590b4b2925ea472') in 0.018077 seconds 
========================================================================
Received Import Request.
  Time since last request: 0.000632 seconds.
  path: Assets/Tilesets/WorldTiles/MrPlatformer_MainTiles_49.asset
  artifactKey: Guid(a5cbe24b28f2dcb4496450b0e118cb06) Importer(815301076,1909f56bfc062723c751e8b465ee728b)
Start importing Assets/Tilesets/WorldTiles/MrPlatformer_MainTiles_49.asset using Guid(a5cbe24b28f2dcb4496450b0e118cb06) Importer(815301076,1909f56bfc062723c751e8b465ee728b)  -> (artifact id: '95f82522e2f4564f136f480a2b306d8d') in 0.013706 seconds 
========================================================================
Received Import Request.
  Time since last request: 0.000581 seconds.
  path: Assets/Tilesets/WorldTiles/MrPlatformer_MainTiles_38.asset
  artifactKey: Guid(7d7ae0d7f3a7c3046ae04a73415e4e78) Importer(815301076,1909f56bfc062723c751e8b465ee728b)
Start importing Assets/Tilesets/WorldTiles/MrPlatformer_MainTiles_38.asset using Guid(7d7ae0d7f3a7c3046ae04a73415e4e78) Importer(815301076,1909f56bfc062723c751e8b465ee728b)  -> (artifact id: '9d9f7909353bb4ad497a82f30f4f501d') in 0.013702 seconds 
========================================================================
Received Import Request.
  Time since last request: 0.000632 seconds.
  path: Assets/Tilesets/WorldTiles/MrPlatformer_MainTiles_40.asset
  artifactKey: Guid(695168a4c10e85340a282b16e2810008) Importer(815301076,1909f56bfc062723c751e8b465ee728b)
Start importing Assets/Tilesets/WorldTiles/MrPlatformer_MainTiles_40.asset using Guid(695168a4c10e85340a282b16e2810008) Importer(815301076,1909f56bfc062723c751e8b465ee728b)  -> (artifact id: '9fda7b570d54ef88db8540f63ec6b754') in 0.016256 seconds 
========================================================================
Received Import Request.
  Time since last request: 0.000652 seconds.
  path: Assets/Tilesets/WorldTiles/MrPlatformer_MainTiles_42.asset
  artifactKey: Guid(f0bd5c465ef1a2b4f8c920d54ec5baeb) Importer(815301076,1909f56bfc062723c751e8b465ee728b)
Start importing Assets/Tilesets/WorldTiles/MrPlatformer_MainTiles_42.asset using Guid(f0bd5c465ef1a2b4f8c920d54ec5baeb) Importer(815301076,1909f56bfc062723c751e8b465ee728b)  -> (artifact id: '57bfe7180bf12664dc4dad323ab6cb5d') in 0.015140 seconds 
========================================================================
Received Import Request.
  Time since last request: 0.000427 seconds.
  path: Assets/Tilesets/WorldTiles/MrPlatformer_MainTiles_45.asset
  artifactKey: Guid(4c2321a9920c272489fda8f960e31daf) Importer(815301076,1909f56bfc062723c751e8b465ee728b)
Start importing Assets/Tilesets/WorldTiles/MrPlatformer_MainTiles_45.asset using Guid(4c2321a9920c272489fda8f960e31daf) Importer(815301076,1909f56bfc062723c751e8b465ee728b)  -> (artifact id: '8e615bce74006a29f919cb4f833ccee5') in 0.012562 seconds 
========================================================================
Received Import Request.
  Time since last request: 0.000486 seconds.
  path: Assets/Tilesets/WorldTiles/MrPlatformer_MainTiles_37.asset
  artifactKey: Guid(6aa5606ae7cbf3e418665d0bdb96a29b) Importer(815301076,1909f56bfc062723c751e8b465ee728b)
Start importing Assets/Tilesets/WorldTiles/MrPlatformer_MainTiles_37.asset using Guid(6aa5606ae7cbf3e418665d0bdb96a29b) Importer(815301076,1909f56bfc062723c751e8b465ee728b)  -> (artifact id: 'e0e6c67f51a87340cae86b10f684afd4') in 0.015601 seconds 
========================================================================
Received Import Request.
  Time since last request: 0.000659 seconds.
  path: Assets/Tilesets/WorldTiles/MrPlatformer_MainTiles_39.asset
  artifactKey: Guid(ceb32d00261e95d4faae7b7b161e35b5) Importer(815301076,1909f56bfc062723c751e8b465ee728b)
Start importing Assets/Tilesets/WorldTiles/MrPlatformer_MainTiles_39.asset using Guid(ceb32d00261e95d4faae7b7b161e35b5) Importer(815301076,1909f56bfc062723c751e8b465ee728b)  -> (artifact id: 'ee93b630a2279b2737ae2fa478ddc685') in 0.013860 seconds 
========================================================================
Received Import Request.
  Time since last request: 0.000575 seconds.
  path: Assets/Tilesets/WorldTiles/MrPlatformer_MainTiles_47.asset
  artifactKey: Guid(5a06fc2f479b6d942b94de49e153b5cc) Importer(815301076,1909f56bfc062723c751e8b465ee728b)
Start importing Assets/Tilesets/WorldTiles/MrPlatformer_MainTiles_47.asset using Guid(5a06fc2f479b6d942b94de49e153b5cc) Importer(815301076,1909f56bfc062723c751e8b465ee728b)  -> (artifact id: '3d8f831c02ace2c6781cd2b7765f97f2') in 0.014093 seconds 
========================================================================
Received Import Request.
  Time since last request: 0.000472 seconds.
  path: Assets/Tilesets/WorldTiles/MrPlatformer_MainTiles_41.asset
  artifactKey: Guid(bafe7ee8058ff4541b7b8f3abb7c528b) Importer(815301076,1909f56bfc062723c751e8b465ee728b)
Start importing Assets/Tilesets/WorldTiles/MrPlatformer_MainTiles_41.asset using Guid(bafe7ee8058ff4541b7b8f3abb7c528b) Importer(815301076,1909f56bfc062723c751e8b465ee728b)  -> (artifact id: 'fce45ab0a8a31627c62dbd3747cbf845') in 0.013689 seconds 
========================================================================
Received Import Request.
  Time since last request: 153.907630 seconds.
  path: Assets/MR-Platformer-PixelAssets-v1/Main/Player
  artifactKey: Guid(10435142a7626e14f81d5fbc5682643b) Importer(815301076,1909f56bfc062723c751e8b465ee728b)
Start importing Assets/MR-Platformer-PixelAssets-v1/Main/Player using Guid(10435142a7626e14f81d5fbc5682643b) Importer(815301076,1909f56bfc062723c751e8b465ee728b)  -> (artifact id: 'a97af664f2205ffb84d2882d2fc7f09e') in 0.009017 seconds 
========================================================================
Received Import Request.
  Time since last request: 0.036262 seconds.
  path: Assets/MR-Platformer-PixelAssets-v1/Main/Player/Player-Attack-24x24.png
  artifactKey: Guid(a80187d92bc1c9c4ab0765068cf3177a) Importer(815301076,1909f56bfc062723c751e8b465ee728b)
Start importing Assets/MR-Platformer-PixelAssets-v1/Main/Player/Player-Attack-24x24.png using Guid(a80187d92bc1c9c4ab0765068cf3177a) Importer(815301076,1909f56bfc062723c751e8b465ee728b)  -> (artifact id: '0bccabe8456ab72115550d16cc55d1a8') in 0.020999 seconds 
========================================================================
Received Import Request.
  Time since last request: 0.000605 seconds.
  path: Assets/MR-Platformer-PixelAssets-v1/Main/Player/Player-Fall-24x24.png
  artifactKey: Guid(26bda7d1cfaa6ed4b89984fd889c1f13) Importer(815301076,1909f56bfc062723c751e8b465ee728b)
Start importing Assets/MR-Platformer-PixelAssets-v1/Main/Player/Player-Fall-24x24.png using Guid(26bda7d1cfaa6ed4b89984fd889c1f13) Importer(815301076,1909f56bfc062723c751e8b465ee728b)  -> (artifact id: '13bffd568437ba4c81a020acad41c9ea') in 0.026937 seconds 
========================================================================
Received Import Request.
  Time since last request: 0.000602 seconds.
  path: Assets/MR-Platformer-PixelAssets-v1/Main/Player/Player-Idle-24x24.png
  artifactKey: Guid(290e7a4335ba3b943a8cda9d5ce379f8) Importer(815301076,1909f56bfc062723c751e8b465ee728b)
Start importing Assets/MR-Platformer-PixelAssets-v1/Main/Player/Player-Idle-24x24.png using Guid(290e7a4335ba3b943a8cda9d5ce379f8) Importer(815301076,1909f56bfc062723c751e8b465ee728b)  -> (artifact id: '8bd2996711ba0b7c64092ef4a45f56a0') in 0.022673 seconds 
========================================================================
Received Import Request.
  Time since last request: 0.000661 seconds.
  path: Assets/MR-Platformer-PixelAssets-v1/Main/Player/Player-Run-24x24.png
  artifactKey: Guid(89e14c49c38380f48b21c555536a22ca) Importer(815301076,1909f56bfc062723c751e8b465ee728b)
Start importing Assets/MR-Platformer-PixelAssets-v1/Main/Player/Player-Run-24x24.png using Guid(89e14c49c38380f48b21c555536a22ca) Importer(815301076,1909f56bfc062723c751e8b465ee728b)  -> (artifact id: 'bfc5adebad4f0f39cfa5f38e62c970c0') in 0.031744 seconds 
========================================================================
Received Import Request.
  Time since last request: 0.000562 seconds.
  path: Assets/MR-Platformer-PixelAssets-v1/Main/Player/Player-Jump-24x24.png
  artifactKey: Guid(5223c32dafb9b0d47b6850cf9ae75f2a) Importer(815301076,1909f56bfc062723c751e8b465ee728b)
Start importing Assets/MR-Platformer-PixelAssets-v1/Main/Player/Player-Jump-24x24.png using Guid(5223c32dafb9b0d47b6850cf9ae75f2a) Importer(815301076,1909f56bfc062723c751e8b465ee728b)  -> (artifact id: '4ddb0121a8114d2e823960f4f77730fb') in 0.025791 seconds 
========================================================================
Received Import Request.
  Time since last request: 52.115139 seconds.
  path: Assets/MR-Platformer-PixelAssets-v1/Main/Player/Player-Idle-24x24.png
  artifactKey: Guid(290e7a4335ba3b943a8cda9d5ce379f8) Importer(815301076,1909f56bfc062723c751e8b465ee728b)
Start importing Assets/MR-Platformer-PixelAssets-v1/Main/Player/Player-Idle-24x24.png using Guid(290e7a4335ba3b943a8cda9d5ce379f8) Importer(815301076,1909f56bfc062723c751e8b465ee728b)  -> (artifact id: '6db3ba3132f1c65ee2e2857c69a0579b') in 0.014850 seconds 
========================================================================
Received Import Request.
  Time since last request: 13.227631 seconds.
  path: Assets/MR-Platformer-PixelAssets-v1/Main/Player/Player-Idle-24x24.png
  artifactKey: Guid(290e7a4335ba3b943a8cda9d5ce379f8) Importer(815301076,1909f56bfc062723c751e8b465ee728b)
Start importing Assets/MR-Platformer-PixelAssets-v1/Main/Player/Player-Idle-24x24.png using Guid(290e7a4335ba3b943a8cda9d5ce379f8) Importer(815301076,1909f56bfc062723c751e8b465ee728b)  -> (artifact id: '0fcaaec3a9f20ebd29c1779043ec2349') in 0.025073 seconds 
========================================================================
Received Prepare
Registering precompiled user dll's ...
Registered in 0.006740 seconds.
Begin MonoManager ReloadAssembly
Symbol file LoadedFromMemory doesn't match image E:\ExampleProjects\PlatformerExample\ExamplePlatformer2\Library\PackageCache\com.unity.visualscripting@1.6.1\Editor\VisualScripting.Core\Dependencies\YamlDotNet\Unity.VisualScripting.YamlDotNet.dll
Symbol file LoadedFromMemory doesn't match image E:\ExampleProjects\PlatformerExample\ExamplePlatformer2\Library\PackageCache\com.unity.visualscripting@1.6.1\Editor\VisualScripting.Core\Dependencies\DotNetZip\Unity.VisualScripting.IonicZip.dll
Native extension for WindowsStandalone target not found
Refreshing native plugins compatible for Editor in 0.72 ms, found 4 plugins.
Preloading 0 native plugins for Editor in 0.00 ms.
Mono: successfully reloaded assembly
- Completed reload, in  1.347 seconds
Domain Reload Profiling:
	ReloadAssembly (1347ms)
		BeginReloadAssembly (150ms)
			ExecutionOrderSort (0ms)
			DisableScriptedObjects (7ms)
			BackupInstance (0ms)
			ReleaseScriptingObjects (0ms)
			CreateAndSetChildDomain (44ms)
		EndReloadAssembly (1123ms)
			LoadAssemblies (126ms)
			RebuildTransferFunctionScriptingTraits (0ms)
			SetupTypeCache (378ms)
			ReleaseScriptCaches (1ms)
			RebuildScriptCaches (51ms)
			SetupLoadedEditorAssemblies (450ms)
				LogAssemblyErrors (0ms)
				InitializePlatformSupportModulesInManaged (6ms)
				SetLoadedEditorAssemblies (0ms)
				RefreshPlugins (1ms)
				BeforeProcessingInitializeOnLoad (79ms)
				ProcessInitializeOnLoadAttributes (343ms)
				ProcessInitializeOnLoadMethodAttributes (9ms)
				AfterProcessingInitializeOnLoad (11ms)
				EditorAssembliesLoaded (0ms)
			ExecutionOrderSort2 (0ms)
			AwakeInstancesAfterBackupRestoration (25ms)
Platform modules already initialized, skipping
Refreshing native plugins compatible for Editor in 0.69 ms, found 4 plugins.
Preloading 0 native plugins for Editor in 0.00 ms.
Unloading 3707 Unused Serialized files (Serialized files now loaded: 0)
System memory in use before: 160.6 MB.
System memory in use after: 160.9 MB.

Unloading 20 unused Assets to reduce memory usage. Loaded Objects now: 4838.
Total: 3.916200 ms (FindLiveObjects: 0.323100 ms CreateObjectMapping: 0.180600 ms MarkObjects: 3.386800 ms  DeleteObjects: 0.024800 ms)

AssetImportParameters requested are different than current active one (requested -> active):
  custom:framework-win-MediaFoundation: 216162199b28c13a410421893ffa2e32 -> 
  custom:video-decoder-ogg-theora: a1e56fd34408186e4bbccfd4996cb3dc -> 
  custom:container-muxer-webm: aa71ff27fc2769a1b78a27578f13a17b -> 
  custom:container-demuxer-webm: 4f35f7cbe854078d1ac9338744f61a02 -> 
  custom:container-demuxer-ogg: 62fdf1f143b41e24485cea50d1cbac27 -> 
  custom:video-encoder-webm-vp8: eb34c28f22e8b96e1ab97ce403110664 -> 
  custom:video-decoder-webm-vp8: 9c59270c3fd7afecdb556c50c9e8de78 -> 
  custom:audio-decoder-ogg-vorbis: bf7c407c2cedff20999df2af8eb42d56 -> 
  custom:audio-encoder-webm-vorbis: bf7c407c2cedff20999df2af8eb42d56 -> 
========================================================================
Received Prepare
Registering precompiled user dll's ...
Registered in 0.006686 seconds.
Begin MonoManager ReloadAssembly
Symbol file LoadedFromMemory doesn't match image E:\ExampleProjects\PlatformerExample\ExamplePlatformer2\Library\PackageCache\com.unity.visualscripting@1.6.1\Editor\VisualScripting.Core\Dependencies\YamlDotNet\Unity.VisualScripting.YamlDotNet.dll
Symbol file LoadedFromMemory doesn't match image E:\ExampleProjects\PlatformerExample\ExamplePlatformer2\Library\PackageCache\com.unity.visualscripting@1.6.1\Editor\VisualScripting.Core\Dependencies\DotNetZip\Unity.VisualScripting.IonicZip.dll
Native extension for WindowsStandalone target not found
Refreshing native plugins compatible for Editor in 0.76 ms, found 4 plugins.
Preloading 0 native plugins for Editor in 0.00 ms.
Mono: successfully reloaded assembly
- Completed reload, in  1.277 seconds
Domain Reload Profiling:
	ReloadAssembly (1278ms)
		BeginReloadAssembly (138ms)
			ExecutionOrderSort (0ms)
			DisableScriptedObjects (11ms)
			BackupInstance (0ms)
			ReleaseScriptingObjects (0ms)
			CreateAndSetChildDomain (40ms)
		EndReloadAssembly (1076ms)
			LoadAssemblies (109ms)
			RebuildTransferFunctionScriptingTraits (0ms)
			SetupTypeCache (347ms)
			ReleaseScriptCaches (1ms)
			RebuildScriptCaches (53ms)
			SetupLoadedEditorAssemblies (460ms)
				LogAssemblyErrors (0ms)
				InitializePlatformSupportModulesInManaged (6ms)
				SetLoadedEditorAssemblies (0ms)
				RefreshPlugins (1ms)
				BeforeProcessingInitializeOnLoad (94ms)
				ProcessInitializeOnLoadAttributes (338ms)
				ProcessInitializeOnLoadMethodAttributes (9ms)
				AfterProcessingInitializeOnLoad (11ms)
				EditorAssembliesLoaded (0ms)
			ExecutionOrderSort2 (0ms)
			AwakeInstancesAfterBackupRestoration (21ms)
Platform modules already initialized, skipping
Refreshing native plugins compatible for Editor in 0.76 ms, found 4 plugins.
Preloading 0 native plugins for Editor in 0.00 ms.
Unloading 3665 Unused Serialized files (Serialized files now loaded: 0)
System memory in use before: 159.0 MB.
System memory in use after: 159.2 MB.

Unloading 20 unused Assets to reduce memory usage. Loaded Objects now: 4842.
Total: 3.993500 ms (FindLiveObjects: 0.308400 ms CreateObjectMapping: 0.190100 ms MarkObjects: 3.472900 ms  DeleteObjects: 0.021100 ms)

AssetImportParameters requested are different than current active one (requested -> active):
  custom:framework-win-MediaFoundation: 216162199b28c13a410421893ffa2e32 -> 
  custom:video-decoder-ogg-theora: a1e56fd34408186e4bbccfd4996cb3dc -> 
  custom:container-muxer-webm: aa71ff27fc2769a1b78a27578f13a17b -> 
  custom:container-demuxer-webm: 4f35f7cbe854078d1ac9338744f61a02 -> 
  custom:container-demuxer-ogg: 62fdf1f143b41e24485cea50d1cbac27 -> 
  custom:video-encoder-webm-vp8: eb34c28f22e8b96e1ab97ce403110664 -> 
  custom:video-decoder-webm-vp8: 9c59270c3fd7afecdb556c50c9e8de78 -> 
  custom:audio-decoder-ogg-vorbis: bf7c407c2cedff20999df2af8eb42d56 -> 
  custom:audio-encoder-webm-vorbis: bf7c407c2cedff20999df2af8eb42d56 -> 
========================================================================
Received Import Request.
  Time since last request: 243.772881 seconds.
  path: Assets/Scripts
  artifactKey: Guid(a5e4117c402a1a04c88479246a2ed4b0) Importer(815301076,1909f56bfc062723c751e8b465ee728b)
Start importing Assets/Scripts using Guid(a5e4117c402a1a04c88479246a2ed4b0) Importer(815301076,1909f56bfc062723c751e8b465ee728b)  -> (artifact id: '986bae643cee567e5b4bb57a16b68c92') in 0.012965 seconds 
========================================================================
Received Import Request.
  Time since last request: 13.541708 seconds.
  path: Assets/Scripts/Player
  artifactKey: Guid(304260a186355f5438c167a155628e04) Importer(815301076,1909f56bfc062723c751e8b465ee728b)
Start importing Assets/Scripts/Player using Guid(304260a186355f5438c167a155628e04) Importer(815301076,1909f56bfc062723c751e8b465ee728b)  -> (artifact id: '2980bfe14295beb32c3ca8a700115348') in 0.004530 seconds 
========================================================================
Received Import Request.
  Time since last request: 19.329279 seconds.
  path: Assets/Scripts/Player/PlayerMovement.cs
  artifactKey: Guid(7c5fe1a5f2ce2784f8593a5c9f9c7b23) Importer(815301076,1909f56bfc062723c751e8b465ee728b)
Start importing Assets/Scripts/Player/PlayerMovement.cs using Guid(7c5fe1a5f2ce2784f8593a5c9f9c7b23) Importer(815301076,1909f56bfc062723c751e8b465ee728b)  -> (artifact id: '60b5e5e0eb02b7943f049a04b42045e3') in 0.014128 seconds 
========================================================================
Received Prepare
Registering precompiled user dll's ...
Registered in 0.006848 seconds.
Begin MonoManager ReloadAssembly
Symbol file LoadedFromMemory doesn't match image E:\ExampleProjects\PlatformerExample\ExamplePlatformer2\Library\PackageCache\com.unity.visualscripting@1.6.1\Editor\VisualScripting.Core\Dependencies\YamlDotNet\Unity.VisualScripting.YamlDotNet.dll
Symbol file LoadedFromMemory doesn't match image E:\ExampleProjects\PlatformerExample\ExamplePlatformer2\Library\PackageCache\com.unity.visualscripting@1.6.1\Editor\VisualScripting.Core\Dependencies\DotNetZip\Unity.VisualScripting.IonicZip.dll
Native extension for WindowsStandalone target not found
Refreshing native plugins compatible for Editor in 0.82 ms, found 4 plugins.
Preloading 0 native plugins for Editor in 0.00 ms.
Mono: successfully reloaded assembly
- Completed reload, in  1.363 seconds
Domain Reload Profiling:
	ReloadAssembly (1364ms)
		BeginReloadAssembly (159ms)
			ExecutionOrderSort (0ms)
			DisableScriptedObjects (13ms)
			BackupInstance (0ms)
			ReleaseScriptingObjects (0ms)
			CreateAndSetChildDomain (45ms)
		EndReloadAssembly (1136ms)
			LoadAssemblies (113ms)
			RebuildTransferFunctionScriptingTraits (0ms)
			SetupTypeCache (374ms)
			ReleaseScriptCaches (1ms)
			RebuildScriptCaches (54ms)
			SetupLoadedEditorAssemblies (474ms)
				LogAssemblyErrors (0ms)
				InitializePlatformSupportModulesInManaged (6ms)
				SetLoadedEditorAssemblies (1ms)
				RefreshPlugins (1ms)
				BeforeProcessingInitializeOnLoad (81ms)
				ProcessInitializeOnLoadAttributes (358ms)
				ProcessInitializeOnLoadMethodAttributes (11ms)
				AfterProcessingInitializeOnLoad (15ms)
				EditorAssembliesLoaded (0ms)
			ExecutionOrderSort2 (0ms)
			AwakeInstancesAfterBackupRestoration (27ms)
Platform modules already initialized, skipping
Refreshing native plugins compatible for Editor in 0.82 ms, found 4 plugins.
Preloading 0 native plugins for Editor in 0.00 ms.
Unloading 3666 Unused Serialized files (Serialized files now loaded: 0)
System memory in use before: 159.0 MB.
System memory in use after: 159.3 MB.

Unloading 20 unused Assets to reduce memory usage. Loaded Objects now: 4847.
Total: 4.690000 ms (FindLiveObjects: 0.487300 ms CreateObjectMapping: 0.232400 ms MarkObjects: 3.928300 ms  DeleteObjects: 0.040300 ms)

AssetImportParameters requested are different than current active one (requested -> active):
  custom:framework-win-MediaFoundation: 216162199b28c13a410421893ffa2e32 -> 
  custom:video-decoder-ogg-theora: a1e56fd34408186e4bbccfd4996cb3dc -> 
  custom:container-muxer-webm: aa71ff27fc2769a1b78a27578f13a17b -> 
  custom:container-demuxer-webm: 4f35f7cbe854078d1ac9338744f61a02 -> 
  custom:container-demuxer-ogg: 62fdf1f143b41e24485cea50d1cbac27 -> 
  custom:video-encoder-webm-vp8: eb34c28f22e8b96e1ab97ce403110664 -> 
  custom:video-decoder-webm-vp8: 9c59270c3fd7afecdb556c50c9e8de78 -> 
  custom:audio-decoder-ogg-vorbis: bf7c407c2cedff20999df2af8eb42d56 -> 
  custom:audio-encoder-webm-vorbis: bf7c407c2cedff20999df2af8eb42d56 -> 
========================================================================
Received Prepare
Registering precompiled user dll's ...
Registered in 0.006851 seconds.
Begin MonoManager ReloadAssembly
Symbol file LoadedFromMemory doesn't match image E:\ExampleProjects\PlatformerExample\ExamplePlatformer2\Library\PackageCache\com.unity.visualscripting@1.6.1\Editor\VisualScripting.Core\Dependencies\YamlDotNet\Unity.VisualScripting.YamlDotNet.dll
Symbol file LoadedFromMemory doesn't match image E:\ExampleProjects\PlatformerExample\ExamplePlatformer2\Library\PackageCache\com.unity.visualscripting@1.6.1\Editor\VisualScripting.Core\Dependencies\DotNetZip\Unity.VisualScripting.IonicZip.dll
Native extension for WindowsStandalone target not found
Refreshing native plugins compatible for Editor in 0.77 ms, found 4 plugins.
Preloading 0 native plugins for Editor in 0.00 ms.
Mono: successfully reloaded assembly
- Completed reload, in  1.286 seconds
Domain Reload Profiling:
	ReloadAssembly (1287ms)
		BeginReloadAssembly (139ms)
			ExecutionOrderSort (0ms)
			DisableScriptedObjects (12ms)
			BackupInstance (0ms)
			ReleaseScriptingObjects (0ms)
			CreateAndSetChildDomain (41ms)
		EndReloadAssembly (1083ms)
			LoadAssemblies (114ms)
			RebuildTransferFunctionScriptingTraits (0ms)
			SetupTypeCache (355ms)
			ReleaseScriptCaches (1ms)
			RebuildScriptCaches (54ms)
			SetupLoadedEditorAssemblies (452ms)
				LogAssemblyErrors (0ms)
				InitializePlatformSupportModulesInManaged (6ms)
				SetLoadedEditorAssemblies (0ms)
				RefreshPlugins (1ms)
				BeforeProcessingInitializeOnLoad (81ms)
				ProcessInitializeOnLoadAttributes (343ms)
				ProcessInitializeOnLoadMethodAttributes (9ms)
				AfterProcessingInitializeOnLoad (11ms)
				EditorAssembliesLoaded (0ms)
			ExecutionOrderSort2 (0ms)
			AwakeInstancesAfterBackupRestoration (21ms)
Platform modules already initialized, skipping
Refreshing native plugins compatible for Editor in 0.73 ms, found 4 plugins.
Preloading 0 native plugins for Editor in 0.00 ms.
Unloading 3666 Unused Serialized files (Serialized files now loaded: 0)
System memory in use before: 159.1 MB.
System memory in use after: 159.3 MB.

Unloading 20 unused Assets to reduce memory usage. Loaded Objects now: 4851.
Total: 4.392900 ms (FindLiveObjects: 0.522700 ms CreateObjectMapping: 0.309900 ms MarkObjects: 3.527300 ms  DeleteObjects: 0.031200 ms)

AssetImportParameters requested are different than current active one (requested -> active):
  custom:framework-win-MediaFoundation: 216162199b28c13a410421893ffa2e32 -> 
  custom:video-decoder-ogg-theora: a1e56fd34408186e4bbccfd4996cb3dc -> 
  custom:container-muxer-webm: aa71ff27fc2769a1b78a27578f13a17b -> 
  custom:container-demuxer-webm: 4f35f7cbe854078d1ac9338744f61a02 -> 
  custom:container-demuxer-ogg: 62fdf1f143b41e24485cea50d1cbac27 -> 
  custom:video-encoder-webm-vp8: eb34c28f22e8b96e1ab97ce403110664 -> 
  custom:video-decoder-webm-vp8: 9c59270c3fd7afecdb556c50c9e8de78 -> 
  custom:audio-decoder-ogg-vorbis: bf7c407c2cedff20999df2af8eb42d56 -> 
  custom:audio-encoder-webm-vorbis: bf7c407c2cedff20999df2af8eb42d56 -> 
========================================================================
Received Prepare
Registering precompiled user dll's ...
Registered in 0.007367 seconds.
Begin MonoManager ReloadAssembly
Symbol file LoadedFromMemory doesn't match image E:\ExampleProjects\PlatformerExample\ExamplePlatformer2\Library\PackageCache\com.unity.visualscripting@1.6.1\Editor\VisualScripting.Core\Dependencies\YamlDotNet\Unity.VisualScripting.YamlDotNet.dll
Symbol file LoadedFromMemory doesn't match image E:\ExampleProjects\PlatformerExample\ExamplePlatformer2\Library\PackageCache\com.unity.visualscripting@1.6.1\Editor\VisualScripting.Core\Dependencies\DotNetZip\Unity.VisualScripting.IonicZip.dll
Native extension for WindowsStandalone target not found
Refreshing native plugins compatible for Editor in 0.74 ms, found 4 plugins.
Preloading 0 native plugins for Editor in 0.00 ms.
Mono: successfully reloaded assembly
- Completed reload, in  1.305 seconds
Domain Reload Profiling:
	ReloadAssembly (1305ms)
		BeginReloadAssembly (150ms)
			ExecutionOrderSort (0ms)
			DisableScriptedObjects (11ms)
			BackupInstance (0ms)
			ReleaseScriptingObjects (0ms)
			CreateAndSetChildDomain (40ms)
		EndReloadAssembly (1090ms)
			LoadAssemblies (115ms)
			RebuildTransferFunctionScriptingTraits (0ms)
			SetupTypeCache (359ms)
			ReleaseScriptCaches (1ms)
			RebuildScriptCaches (55ms)
			SetupLoadedEditorAssemblies (444ms)
				LogAssemblyErrors (0ms)
				InitializePlatformSupportModulesInManaged (6ms)
				SetLoadedEditorAssemblies (0ms)
				RefreshPlugins (1ms)
				BeforeProcessingInitializeOnLoad (80ms)
				ProcessInitializeOnLoadAttributes (336ms)
				ProcessInitializeOnLoadMethodAttributes (9ms)
				AfterProcessingInitializeOnLoad (10ms)
				EditorAssembliesLoaded (0ms)
			ExecutionOrderSort2 (0ms)
			AwakeInstancesAfterBackupRestoration (25ms)
Platform modules already initialized, skipping
Refreshing native plugins compatible for Editor in 0.72 ms, found 4 plugins.
Preloading 0 native plugins for Editor in 0.00 ms.
Unloading 3666 Unused Serialized files (Serialized files now loaded: 0)
System memory in use before: 159.1 MB.
System memory in use after: 159.3 MB.

Unloading 20 unused Assets to reduce memory usage. Loaded Objects now: 4855.
Total: 4.140900 ms (FindLiveObjects: 0.324400 ms CreateObjectMapping: 0.159100 ms MarkObjects: 3.629200 ms  DeleteObjects: 0.027200 ms)

AssetImportParameters requested are different than current active one (requested -> active):
  custom:framework-win-MediaFoundation: 216162199b28c13a410421893ffa2e32 -> 
  custom:video-decoder-ogg-theora: a1e56fd34408186e4bbccfd4996cb3dc -> 
  custom:container-muxer-webm: aa71ff27fc2769a1b78a27578f13a17b -> 
  custom:container-demuxer-webm: 4f35f7cbe854078d1ac9338744f61a02 -> 
  custom:container-demuxer-ogg: 62fdf1f143b41e24485cea50d1cbac27 -> 
  custom:video-encoder-webm-vp8: eb34c28f22e8b96e1ab97ce403110664 -> 
  custom:video-decoder-webm-vp8: 9c59270c3fd7afecdb556c50c9e8de78 -> 
  custom:audio-decoder-ogg-vorbis: bf7c407c2cedff20999df2af8eb42d56 -> 
  custom:audio-encoder-webm-vorbis: bf7c407c2cedff20999df2af8eb42d56 -> 
AssetImportWorkerClient::OnTransportError - code=2 error=End of file
